1613268008246	geckodriver	INFO	Listening on 127.0.0.1:51395
1613268012611	mozrunner::runner	INFO	Running command: "C:\\Program Files\\Mozilla Firefox\\firefox.exe" "--marionette" "-foreground" "-no-remote" "-profile" "C:\\Users\\SHIVAM~1\\AppData\\Local\\Temp\\rust_mozprofileK1jEaB"
console.warn: SearchSettings: "get: No settings file exists, new profile?" (new Error("", "(unknown module)"))
console.error: Region.jsm: "Error fetching region" (new Error("TIMEOUT", "resource://gre/modules/Region.jsm", 775))
console.error: Region.jsm: "Failed to fetch region" (new Error("TIMEOUT", "resource://gre/modules/Region.jsm", 422))
1613268147089	Marionette	INFO	Listening on port 51404
WARNING: At least one completion condition is taking too long to complete. Conditions: [{"name":"Places Connection shutdown","state":{"PlacesShutdownProgress":5},"filename":"/builds/worker/checkouts/gecko/toolkit/components/places/Database.cpp","lineNumber":488,"stack":["resource://gre/modules/nsAsyncShutdown.jsm:addBlocker:162","resource://gre/modules/PlacesUtils.jsm:null:1934","resource://gre/modules/XPCOMUtils.jsm:get:58","resource://gre/modules/PageThumbs.jsm:PageThumbs_init:116","resource:///modules/BrowserGlue.jsm:BG__onFirstWindowLoaded:1838","resource:///modules/BrowserGlue.jsm:BG_observe:1002","chrome://browser/content/browser.js:_delayedStartup:2132"]}] Barrier: profile-before-change
console.error: (new Error("SessionFile is closed", "resource:///modules/sessionstore/SessionFile.jsm", 433))
1613268237998	Marionette	INFO	Stopped listening on port 51404

###!!! [Child][RunMessage] Error: Channel closing: too late to send/recv, messages will be lost


###!!! [Child][MessageChannel] Error: (msgtype=0x5F0005,name=PImageBridge::Msg_WillClose) Channel error: cannot send/recv

ingReset":false,"latestSent":["Sun Feb 14 2021 07:33:46 GMT+0530 (India Standard Time)","exists"],"latestReceived":["Sun Feb 14 2021 07:33:46 GMT+0530 (India Standard Time)",true],"messagesSent":74,"messagesReceived":74,"messagesQueued":74,"DEBUG":false,"clients":[{"name":"CrashMonitor: Writing notifications to file after receiving profile-before-change","state":"(none)","filename":"resource://gre/modules/CrashMonitor.jsm","lineNumber":176,"stack":["resource://gre/modules/CrashMonitor.jsm:init:176","resource://gre/modules/nsCrashMonitor.jsm:observe:19"]}]},"filename":"resource://gre/modules/osfile/osfile_async_front.jsm","lineNumber":1652,"stack":["resource://gre/modules/osfile/osfile_async_front.jsm:setupShutdown:1652","resource://gre/modules/osfile/osfile_async_front.jsm:null:1672","resource://gre/modules/osfile.jsm:null:11","resource://gre/modules/UpdateUtils.jsm:null:17","resource://gre/modules/GMPUtils.jsm:null:19","resource://gre/modules/addons/GMPProvider.jsm:null:19","resource://gre/modules/AddonManager.jsm:startup:789","resource://gre/modules/AddonManager.jsm:startup:3530","resource://gre/modules/addonManager.js:observe:87"]},{"name":"Places Connection shutdown","state":{"PlacesShutdownProgress":5},"filename":"/builds/worker/checkouts/gecko/toolkit/components/places/Database.cpp","lineNumber":488,"stack":["resource://gre/modules/nsAsyncShutdown.jsm:addBlocker:162","resource://gre/modules/PlacesUtils.jsm:null:1934","resource://gre/modules/XPCOMUtils.jsm:get:58","resource://gre/modules/PageThumbs.jsm:PageThumbs_init:116","resource:///modules/BrowserGlue.jsm:BG__onFirstWindowLoaded:1838","resource:///modules/BrowserGlue.jsm:BG_observe:1002","chrome://browser/content/browser.js:_delayedStartup:2132"]}] Barrier: profile-before-change
console.error: (new Error("SessionFile is closed", "resource:///modules/sessionstore/SessionFile.jsm", 433))
1613268238283	Marionette	INFO	Stopped listening on port 51451

###!!! [Child][RunMessage] Error: Channel closing: too late to send/recv, messages will be lost

1613268282987	geckodriver	INFO	Listening on 127.0.0.1:51645
1613268286070	mozrunner::runner	INFO	Running command: "C:\\Program Files\\Mozilla Firefox\\firefox.exe" "--marionette" "-foreground" "-no-remote" "-profile" "C:\\Users\\SHIVAM~1\\AppData\\Local\\Temp\\rust_mozprofileqXk9yy"
[GFX1-]: Failed to connect GPU process
[11868, IPC I/O Child] WARNING: failed to create pipe: 2: file /builds/worker/checkouts/gecko/ipc/chromium/src/chrome/common/ipc_channel_win.cc:238
[11868, IPC I/O Child] WARNING: Unable to create pipe named "12456.0.740867249\1180156160" in client mode.: file /builds/worker/checkouts/gecko/ipc/chromium/src/chrome/common/ipc_channel_win.cc:71

###!!! [Child][MessageChannel] Error: (msgtype=0xFFF7,name=<unknown IPC msg name>) Closed channel: cannot send/recv

console.warn: SearchSettings: "get: No settings file exists, new profile?" (new Error("", "(unknown module)"))
1613268305315	Marionette	INFO	Listening on port 51653
1613268305506	Marionette	WARN	TLS certificate errors will be ignored for this session
1613268305525	Marionette	ERROR	[15] No reply from Marionette:Register
console.warn: SearchSettings: "get: No settings file exists, new profile?" (new Error("", "(unknown module)"))
1613268329567	Marionette	WARN	TimedPromise timed out after 500 ms: stacktrace:
TimedPromise/<@chrome://marionette/content/sync.js:235:19
TimedPromise@chrome://marionette/content/sync.js:220:10
interaction.flushEventLoop@chrome://marionette/content/interaction.js:418:10
webdriverClickElement@chrome://marionette/content/interaction.js:179:31
console.log: WebExtensions: reset-default-search: No addons in our list are installed.
1613269092682	Marionette	WARN	TimedPromise timed out after 500 ms: stacktrace:
TimedPromise/<@chrome://marionette/content/sync.js:235:19
TimedPromise@chrome://marionette/content/sync.js:220:10
interaction.flushEventLoop@chrome://marionette/content/interaction.js:418:10
webdriverClickElement@chrome://marionette/content/interaction.js:179:31
1613269263434	Marionette	WARN	TimedPromise timed out after 500 ms: stacktrace:
TimedPromise/<@chrome://marionette/content/sync.js:235:19
TimedPromise@chrome://marionette/content/sync.js:220:10
interaction.flushEventLoop@chrome://marionette/content/interaction.js:418:10
webdriverClickElement@chrome://marionette/content/interaction.js:179:31
1613269345895	Marionette	WARN	TimedPromise timed out after 500 ms: stacktrace:
TimedPromise/<@chrome://marionette/content/sync.js:235:19
TimedPromise@chrome://marionette/content/sync.js:220:10
interaction.flushEventLoop@chrome://marionette/content/interaction.js:418:10
webdriverClickElement@chrome://marionette/content/interaction.js:179:31
1613269364352	Marionette	WARN	TimedPromise timed out after 500 ms: stacktrace:
TimedPromise/<@chrome://marionette/content/sync.js:235:19
TimedPromise@chrome://marionette/content/sync.js:220:10
interaction.flushEventLoop@chrome://marionette/content/interaction.js:418:10
webdriverClickElement@chrome://marionette/content/interaction.js:179:31
1613269369332	Marionette	WARN	TimedPromise timed out after 500 ms: stacktrace:
TimedPromise/<@chrome://marionette/content/sync.js:235:19
TimedPromise@chrome://marionette/content/sync.js:220:10
interaction.flushEventLoop@chrome://marionette/content/interaction.js:418:10
webdriverClickElement@chrome://marionette/content/interaction.js:179:31
1613269686125	Marionette	WARN	TimedPromise timed out after 500 ms: stacktrace:
TimedPromise/<@chrome://marionette/content/sync.js:235:19
TimedPromise@chrome://marionette/content/sync.js:220:10
interaction.flushEventLoop@chrome://marionette/content/interaction.js:418:10
webdriverClickElement@chrome://marionette/content/interaction.js:179:31
1613269745930	Marionette	WARN	TimedPromise timed out after 500 ms: stacktrace:
TimedPromise/<@chrome://marionette/content/sync.js:235:19
TimedPromise@chrome://marionette/content/sync.js:220:10
interaction.flushEventLoop@chrome://marionette/content/interaction.js:418:10
webdriverClickElement@chrome://marionette/content/interaction.js:179:31
1613269768243	Marionette	WARN	TimedPromise timed out after 500 ms: stacktrace:
TimedPromise/<@chrome://marionette/content/sync.js:235:19
TimedPromise@chrome://marionette/content/sync.js:220:10
interaction.flushEventLoop@chrome://marionette/content/interaction.js:418:10
webdriverClickElement@chrome://marionette/content/interaction.js:179:31
1613269884432	Marionette	WARN	TimedPromise timed out after 500 ms: stacktrace:
TimedPromise/<@chrome://marionette/content/sync.js:235:19
TimedPromise@chrome://marionette/content/sync.js:220:10
interaction.flushEventLoop@chrome://marionette/content/interaction.js:418:10
webdriverClickElement@chrome://marionette/content/interaction.js:179:31
1613269887387	Marionette	WARN	TimedPromise timed out after 500 ms: stacktrace:
TimedPromise/<@chrome://marionette/content/sync.js:235:19
TimedPromise@chrome://marionette/content/sync.js:220:10
interaction.flushEventLoop@chrome://marionette/content/interaction.js:418:10
webdriverClickElement@chrome://marionette/content/interaction.js:179:31
1613269903094	Marionette	WARN	TimedPromise timed out after 500 ms: stacktrace:
TimedPromise/<@chrome://marionette/content/sync.js:235:19
TimedPromise@chrome://marionette/content/sync.js:220:10
interaction.flushEventLoop@chrome://marionette/content/interaction.js:418:10
webdriverClickElement@chrome://marionette/content/interaction.js:179:31
1613270008383	Marionette	WARN	TimedPromise timed out after 500 ms: stacktrace:
TimedPromise/<@chrome://marionette/content/sync.js:235:19
TimedPromise@chrome://marionette/content/sync.js:220:10
interaction.flushEventLoop@chrome://marionette/content/interaction.js:418:10
webdriverClickElement@chrome://marionette/content/interaction.js:179:31
1613270081477	Marionette	WARN	TimedPromise timed out after 500 ms: stacktrace:
TimedPromise/<@chrome://marionette/content/sync.js:235:19
TimedPromise@chrome://marionette/content/sync.js:220:10
interaction.flushEventLoop@chrome://marionette/content/interaction.js:418:10
webdriverClickElement@chrome://marionette/content/interaction.js:179:31
1613270158764	Marionette	WARN	TimedPromise timed out after 500 ms: stacktrace:
TimedPromise/<@chrome://marionette/content/sync.js:235:19
TimedPromise@chrome://marionette/content/sync.js:220:10
interaction.flushEventLoop@chrome://marionette/content/interaction.js:418:10
webdriverClickElement@chrome://marionette/content/interaction.js:179:31
1613270375051	Marionette	INFO	Stopped listening on port 51653
1613277874995	geckodriver	INFO	Listening on 127.0.0.1:64258
1613277878305	mozrunner::runner	INFO	Running command: "C:\\Program Files\\Mozilla Firefox\\firefox.exe" "--marionette" "-foreground" "-no-remote" "-profile" "C:\\Users\\SHIVAM~1\\AppData\\Local\\Temp\\rust_mozprofile2kv6VC"
console.warn: SearchSettings: "get: No settings file exists, new profile?" (new Error("", "(unknown module)"))
console.error: Region.jsm: "Error fetching region" (new Error("TIMEOUT", "resource://gre/modules/Region.jsm", 775))
console.error: Region.jsm: "Failed to fetch region" (new Error("TIMEOUT", "resource://gre/modules/Region.jsm", 422))
1613277954404	Marionette	INFO	Listening on port 64266
console.error: services.settings: 
  Message: TypeError: NetworkError when attempting to fetch resource.
console.error: services.settings: 
  Message: TypeError: NetworkError when attempting to fetch resource.
console.error: services.settings: 
  Message: TypeError: NetworkError when attempting to fetch resource.
console.error: services.settings: 
  Message: NetworkOfflineError: Network is offline
  Stack:
    NetworkOfflineError@resource://services-settings/RemoteSettingsClient.jsm:130:5
maybeSync@resource://services-settings/RemoteSettingsClient.jsm:517:15
remoteSettingsFunction/remoteSettings.pollChanges@resource://services-settings/remote-settings.js:310:22

console.error: services.settings: 
  Message: NetworkOfflineError: Network is offline
  Stack:
    NetworkOfflineError@resource://services-settings/RemoteSettingsClient.jsm:130:5
maybeSync@resource://services-settings/RemoteSettingsClient.jsm:517:15
remoteSettingsFunction/remoteSettings.pollChanges@resource://services-settings/remote-settings.js:310:22

console.error: services.settings: 
  Message: NetworkOfflineError: Network is offline
  Stack:
    NetworkOfflineError@resource://services-settings/RemoteSettingsClient.jsm:130:5
maybeSync@resource://services-settings/RemoteSettingsClient.jsm:517:15
remoteSettingsFunction/remoteSettings.pollChanges@resource://services-settings/remote-settings.js:310:22

console.error: services.settings: 
  Message: NetworkOfflineError: Network is offline
  Stack:
    NetworkOfflineError@resource://servicesJavaScript error: resource://activity-stream/lib/ASRouter.jsm, line 987: NS_ERROR_ILLEGAL_VALUE: Component returned failure code: 0x80070057 (NS_ERROR_ILLEGAL_VALUE) [nsIObserverService.removeObserver]
[Parent 14644, IPC I/O Parent] WARNING: file /builds/worker/checkouts/gecko/ipc/chromium/src/base/process_util_win.cc:167
1613278074569	Marionette	INFO	Stopped listening on port 64333

###!!! [Child][RunMessage] Error: Channel closing: too late to send/recv, messages will be lost

sFunction/remoteSettings.pollChanges@resource://services-settings/remote-settings.js:310:22

console.error: services.settings: 
  Message: NetworkOfflineError: Network is offline
  Stack:
    NetworkOfflineError@resource://services-settings/RemoteSettingsClient.jsm:130:5
maybeSync@resource://services-settings/RemoteSettingsClient.jsm:517:15
remoteSettingsFunction/remoteSettings.pollChanges@resource://services-settings/remote-settings.js:310:22

console.error: services.settings: 
  Message: NetworkOfflineError: Network is offline
  Stack:
    NetworkOfflineError@resource://services-settings/RemoteSettingsClient.jsm:130:5
maybeSync@resource://services-settings/RemoteSettingsClient.jsm:517:15
remoteSettingsFunction/remoteSettings.pollChanges@resource://services-settings/remote-settings.js:310:22

console.error: services.settings: 
  Message: NetworkOfflineError: Network is offline
  Stack:
    NetworkOfflineError@resource://services-settings/RemoteSettingsClient.jsm:130:5
maybeSync@resource://services-settings/RemoteSettingsClient.jsm:517:15
remoteSettingsFunction/remoteSettings.pollChanges@resource://services-settings/remote-settings.js:310:22

console.error: services.settings: 
  Message: NetworkOfflineError: Network is offline
  Stack:
    NetworkOfflineError@resource://services-settings/RemoteSettingsClient.jsm:130:5
maybeSync@resource://services-settings/RemoteSettingsClient.jsm:517:15
remoteSettingsFunction/remoteSettings.pollChanges@resource://services-settings/remote-settings.js:310:22

console.error: services.settings: 
  Message: NetworkOfflineError: Network is offline
  Stack:
    NetworkOfflineError@resource://services-settings/RemoteSettingsClient.jsm:130:5
maybeSync@resource://services-settings/RemoteSettingsClient.jsm:517:15
remoteSettingsFunction/remoteSettings.pollChanges@resource://services-settings/remote-settings.js:310:22

console.error: services.settings: 
  Message: NetworkOfflineError: Network is offline
  Stack:
    NetworkOfflineError@resource://services-settings/RemoteSettingsClient.jsm:130:5
maybeSync@resource://services-settings/RemoteSettingsClient.jsm:517:15
remoteSettingsFunction/remoteSettings.pollChanges@resource://services-settings/remote-settings.js:310:22

console.error: services.settings: 
  Message: NetworkOfflineError: Network is offline
  Stack:
    NetworkOfflineError@resource://services-settings/RemoteSettingsClient.jsm:130:5
maybeSync@resource://services-settings/RemoteSettingsClient.jsm:517:15
remoteSettingsFunction/remoteSettings.pollChanges@resource://services-settings/remote-settings.js:310:22

console.error: services.settings: 
  Message: NetworkOfflineError: Network is offline
  Stack:
    NetworkOfflineError@resource://services-settings/RemoteSettingsClient.jsm:130:5
maybeSync@resource://services-settings/RemoteSettingsClient.jsm:517:15
remoteSettingsFunction/remoteSettings.pollChanges@resource://services-settings/remote-settings.js:310:22

console.error: services.settings: 
  Message: NetworkOfflineError: Network is offline
  Stack:
    NetworkOfflineError@resource://services-settings/RemoteSettingsClient.jsm:130:5
maybeSync@resource://services-settings/RemoteSettingsClient.jsm:517:15
remoteSettingsFunction/remoteSettings.pollChanges@resource://services-settings/remote-settings.js:310:22

console.error: services.settings: 
  Message: NetworkOfflineError: Network is offline
  Stack:
    NetworkOfflineError@resource://services-settings/RemoteSettingsClient.jsm:130:5
maybeSync@resource://services-settings/RemoteSettingsClient.jsm:517:15
remoteSettingsFunction/remoteSettings.pollChanges@resource://services-settings/remote-settings.js:310:22

console.error: services.settings: 
  Message: NetworkOfflineError: Network is offline
  Stack:
    NetworkOfflineError@resource://services-settings/RemoteSettingsClient.jsm:130:5
maybeSync@resource://services-settings/RemoteSettingsClient.jsm:517:15
remoteSettingsFunction/remoteSettings.pollChanges@resource://services-settings/remote-settings.js:310:22

console.error: services.settings: 
  Message: NetworkOfflineError: Network is offline
  Stack:
    NetworkOfflineError@resource://services-settings/RemoteSettingsClient.jsm:130:5
maybeSync@resource://services-settings/RemoteSettingsClient.jsm:517:15
remoteSettingsFunction/remoteSettings.pollChanges@resource://services-settings/remote-settings.js:310:22

console.error: services.settings: 
  Message: NetworkOfflineError: Network is offline
  Stack:
    NetworkOfflineError@resource://services-settings/RemoteSettingsClient.jsm:130:5
maybeSync@resource://services-settings/RemoteSettingsClient.jsm:517:15
remoteSettingsFunction/remoteSettings.pollChanges@resource://services-settings/remote-settings.js:310:22

console.error: services.settings: 
  Message: NetworkOfflineError: Network is offline
  Stack:
    NetworkOfflineError@resource://services-settings/RemoteSettingsClient.jsm:130:5
maybeSync@resource://services-settings/RemoteSettingsClient.jsm:517:15
remoteSettingsFunction/remoteSettings.pollChanges@resource://services-settings/remote-settings.js:310:22

console.error: services.settings: 
  Message: NetworkOfflineError: Network is offline
  Stack:
    NetworkOfflineError@resource://services-settings/RemoteSettingsClient.jsm:130:5
maybeSync@resource://services-settings/RemoteSettingsClient.jsm:517:15
remoteSettingsFunction/remoteSettings.pollChanges@resource://services-settings/remote-settings.js:310:22

console.error: BroadcastService: 
  receivedBroadcastMessage: handler for
  remote-settings/monitor_changes
  threw error:
  Message: TypeError: NetworkError when attempting to fetch resource.
1613278073629	Marionette	INFO	Stopped listening on port 64266

###!!! [Child][RunMessage] Error: Channel closing: too late to send/recv, messages will be lost

1613278734307	geckodriver	INFO	Listening on 127.0.0.1:55944
1613278737380	mozrunner::runner	INFO	Running command: "C:\\Program Files\\Mozilla Firefox\\firefox.exe" "--marionette" "-foreground" "-no-remote" "-profile" "C:\\Users\\SHIVAM~1\\AppData\\Local\\Temp\\rust_mozprofileoqqfJ3"
[Parent 16300, IPC I/O Parent] WARNING: file /builds/worker/checkouts/gecko/ipc/chromium/src/base/process_util_win.cc:167
console.warn: SearchSettings: "get: No settings file exists, new profile?" (new Error("", "(unknown module)"))
console.error: Region.jsm: "Error fetching region" (new Error("TIMEOUT", "resource://gre/modules/Region.jsm", 775))
console.error: Region.jsm: "Failed to fetch region" (new Error("TIMEOUT", "resource://gre/modules/Region.jsm", 422))
1613278787868	Marionette	INFO	Listening on port 55952
1613278790752	Marionette	WARN	TLS certificate errors will be ignored for this session
1613278791128	Marionette	ERROR	[15] No reply from Marionette:Register
1613278862951	Marionette	INFO	Stopped listening on port 55952

###!!! [Child][RunMessage] Error: Channel closing: too late to send/recv, messages will be lost

"--marionette" "-foreground" "-no-remote" "-profile" "C:\\Users\\SHIVAM~1\\AppData\\Local\\Temp\\rust_mozprofileZ57ULB"
console.error: "Could not write session state file " (new Error("_initWorker called too early! Please read the session file from disk first.", "resource:///modules/sessionstore/SessionFile.jsm", 375)) "_initWorker/<@resource:///modules/sessionstore/SessionFile.jsm:375:15\n_initWorker@resource:///modules/sessionstore/SessionFile.jsm:368:12\n_postToWorker@resource:///modules/sessionstore/SessionFile.jsm:410:16\nwrite@resource:///modules/sessionstore/SessionFile.jsm:448:24\nwrite@resource:///modules/sessionstore/SessionFile.jsm:75:32\n_writeState@resource:///modules/sessionstore/SessionSaver.jsm:360:24\n_saveState@resource:///modules/sessionstore/SessionSaver.jsm:294:17\n_saveStateAsync@resource:///modules/sessionstore/SessionSaver.jsm:344:10\nsaveStateAsyncWhenIdle@resource:///modules/sessionstore/SessionSaver.jsm:191:14\ncallback@resource://gre/modules/Timer.jsm:127:16\n"
console.warn: SearchSettings: "get: No settings file exists, new profile?" (new Error("", "(unknown module)"))
1613278865387	Marionette	INFO	Listening on port 56115
1613278865450	Marionette	WARN	TLS certificate errors will be ignored for this session
1613278865465	Marionette	ERROR	[15] No reply from Marionette:Register
console.warn: SearchSettings: "get: No settings file exists, new profile?" (new Error("", "(unknown module)"))
1613279065944	Marionette	WARN	TimedPromise timed out after 500 ms: stacktrace:
TimedPromise/<@chrome://marionette/content/sync.js:235:19
TimedPromise@chrome://marionette/content/sync.js:220:10
interaction.flushEventLoop@chrome://marionette/content/interaction.js:418:10
webdriverClickElement@chrome://marionette/content/interaction.js:179:31
1613279068714	Marionette	WARN	TimedPromise timed out after 500 ms: stacktrace:
TimedPromise/<@chrome://marionette/content/sync.js:235:19
TimedPromise@chrome://marionette/content/sync.js:220:10
interaction.flushEventLoop@chrome://marionette/content/interaction.js:418:10
webdriverClickElement@chrome://marionette/content/interaction.js:179:31
1613279071486	Marionette	WARN	TimedPromise timed out after 500 ms: stacktrace:
TimedPromise/<@chrome://marionette/content/sync.js:235:19
TimedPromise@chrome://marionette/content/sync.js:220:10
interaction.flushEventLoop@chrome://marionette/content/interaction.js:418:10
webdriverClickElement@chrome://marionette/content/interaction.js:179:31
1613279072200	Marionette	WARN	TimedPromise timed out after 500 ms: stacktrace:
TimedPromise/<@chrome://marionette/content/sync.js:235:19
TimedPromise@chrome://marionette/content/sync.js:220:10
interaction.flushEventLoop@chrome://marionette/content/interaction.js:418:10
webdriverClickElement@chrome://marionette/content/interaction.js:179:31
1613279078984	Marionette	WARN	TimedPromise timed out after 500 ms: stacktrace:
TimedPromise/<@chrome://marionette/content/sync.js:235:19
TimedPromise@chrome://marionette/content/sync.js:220:10
interaction.flushEventLoop@chrome://marionette/content/interaction.js:418:10
webdriverClickElement@chrome://marionette/content/interaction.js:179:31
1613279089594	Marionette	WARN	TimedPromise timed out after 500 ms: stacktrace:
TimedPromise/<@chrome://marionette/content/sync.js:235:19
TimedPromise@chrome://marionette/content/sync.js:220:10
interaction.flushEventLoop@chrome://marionette/content/interaction.js:418:10
webdriverClickElement@chrome://marionette/content/interaction.js:179:31
1613279092378	Marionette	WARN	TimedPromise timed out after 500 ms: stacktrace:
TimedPromise/<@chrome://marionette/content/sync.js:235:19
TimedPromise@chrome://marionette/content/sync.js:220:10
interaction.flushEventLoop@chrome://marionette/content/interaction.js:418:10
webdriverClickElement@chrome://marionette/content/interaction.js:179:31
1613279095136	Marionette	WARN	TimedPromise timed out after 500 ms: stacktrace:
TimedPromise/<@chrome://marionette/content/sync.js:235:19
TimedPromise@chrome://marionette/content/sync.js:220:10
interaction.flushEventLoop@chrome://marionette/content/interaction.js:418:10
webdriverClickElement@chrome://marionette/content/interaction.js:179:31
console.log: WebExtensions: reset-default-search: No addons in our list are installed.
1613279396397	Marionette	WARN	TimedPromise timed out after 500 ms: stacktrace:
TimedPromise/<@chrome://marionette/content/sync.js:235:19
TimedPromise@chrome://marionette/content/sync.js:220:10
interaction.flushEventLoop@chrome://marionette/content/interaction.js:418:10
webdriverClickElement@chrome://marionette/content/interaction.js:179:31
1613279403550	Marionette	WARN	TimedPromise timed out after 500 ms: stacktrace:
TimedPromise/<@chrome://marionette/content/sync.js:235:19
TimedPromise@chrome://marionette/content/sync.js:220:10
interaction.flushEventLoop@chrome://marionette/content/interaction.js:418:10
webdriverClickElement@chrome://marionette/content/interaction.js:179:31
1613279406329	Marionette	WARN	TimedPromise timed out after 500 ms: stacktrace:
TimedPromise/<@chrome://marionette/content/sync.js:235:19
TimedPromise@chrome://marionette/content/sync.js:220:10
interaction.flushEventLoop@chrome://marionette/content/interaction.js:418:10
webdriverClickElement@chrome://marionette/content/interaction.js:179:31
1613279409104	Marionette	WARN	TimedPromise timed out after 500 ms: stacktrace:
TimedPromise/<@chrome://marionette/content/sync.js:235:19
TimedPromise@chrome://marionette/content/sync.js:220:10
interaction.flushEventLoop@chrome://marionette/content/interaction.js:418:10
webdriverClickElement@chrome://marionette/content/interaction.js:179:31
1613279411875	Marionette	WARN	TimedPromise timed out after 500 ms: stacktrace:
TimedPromise/<@chrome://marionette/content/sync.js:235:19
TimedPromise@chrome://marionette/content/sync.js:220:10
interaction.flushEventLoop@chrome://marionette/content/interaction.js:418:10
webdriverClickElement@chrome://marionette/content/interaction.js:179:31
1613279414756	Marionette	WARN	TimedPromise timed out after 500 ms: stacktrace:
TimedPromise/<@chrome://marionette/content/sync.js:235:19
TimedPromise@chrome://marionette/content/sync.js:220:10
interaction.flushEventLoop@chrome://marionette/content/interaction.js:418:10
webdriverClickElement@chrome://marionette/content/interaction.js:179:31
1613279417706	Marionette	WARN	TimedPromise timed out after 500 ms: stacktrace:
TimedPromise/<@chrome://marionette/content/sync.js:235:19
TimedPromise@chrome://marionette/content/sync.js:220:10
interaction.flushEventLoop@chrome://marionette/content/interaction.js:418:10
webdriverClickElement@chrome://marionette/content/interaction.js:179:31
1613279427735	Marionette	WARN	TimedPromise timed out after 500 ms: stacktrace:
TimedPromise/<@chrome://marionette/content/sync.js:235:19
TimedPromise@chrome://marionette/content/sync.js:220:10
interaction.flushEventLoop@chrome://marionette/content/interaction.js:418:10
webdriverClickElement@chrome://marionette/content/interaction.js:179:31
1613279430676	Marionette	WARN	TimedPromise timed out after 500 ms: stacktrace:
TimedPromise/<@chrome://marionette/content/sync.js:235:19
TimedPromise@chrome://marionette/content/sync.js:220:10
interaction.flushEventLoop@chrome://marionette/content/interaction.js:418:10
webdriverClickElement@chrome://marionette/content/interaction.js:179:31
1613279433443	Marionette	WARN	TimedPromise timed out after 500 ms: stacktrace:
TimedPromise/<@chrome://marionette/content/sync.js:235:19
TimedPromise@chrome://marionette/content/sync.js:220:10
interaction.flushEventLoop@chrome://marionette/content/interaction.js:418:10
webdriverClickElement@chrome://marionette/content/interaction.js:179:31
1613279436406	Marionette	WARN	TimedPromise timed out after 500 ms: stacktrace:
TimedPromise/<@chrome://marionette/content/sync.js:235:19
TimedPromise@chrome://marionette/content/sync.js:220:10
interaction.flushEventLoop@chrome://marionette/content/interaction.js:418:10
webdriverClickElement@chrome://marionette/content/interaction.js:179:31
1613279439161	Marionette	WARN	TimedPromise timed out after 500 ms: stacktrace:
TimedPromise/<@chrome://marionette/content/sync.js:235:19
TimedPromise@chrome://marionette/content/sync.js:220:10
interaction.flushEventLoop@chrome://marionette/content/interaction.js:418:10
webdriverClickElement@chrome://marionette/content/interaction.js:179:31
1613279442394	Marionette	WARN	TimedPromise timed out after 500 ms: stacktrace:
TimedPromise/<@chrome://marionette/content/sync.js:235:19
TimedPromise@chrome://marionette/content/sync.js:220:10
interaction.flushEventLoop@chrome://marionette/content/interaction.js:418:10
webdriverClickElement@chrome://marionette/content/interaction.js:179:31
1613279445157	Marionette	WARN	TimedPromise timed out after 500 ms: stacktrace:
TimedPromise/<@chrome://marionette/content/sync.js:235:19
TimedPromise@chrome://marionette/content/sync.js:220:10
interaction.flushEventLoop@chrome://marionette/content/interaction.js:418:10
webdriverClickElement@chrome://marionette/content/interaction.js:179:31
1613279447944	Marionette	WARN	TimedPromise timed out after 500 ms: stacktrace:
TimedPromise/<@chrome://marionette/content/sync.js:235:19
TimedPromise@chrome://marionette/content/sync.js:220:10
interaction.flushEventLoop@chrome://marionette/content/interaction.js:418:10
webdriverClickElement@chrome://marionette/content/interaction.js:179:31
1613279451241	Marionette	WARN	TimedPromise timed out after 500 ms: stacktrace:
TimedPromise/<@chrome://marionette/content/sync.js:235:19
TimedPromise@chrome://marionette/content/sync.js:220:10
interaction.flushEventLoop@chrome://marionette/content/interaction.js:418:10
webdriverClickElement@chrome://marionette/content/interaction.js:179:31
1613279454021	Marionette	WARN	TimedPromise timed out after 500 ms: stacktrace:
TimedPromise/<@chrome://marionette/content/sync.js:235:19
TimedPromise@chrome://marionette/content/sync.js:220:10
interaction.flushEventLoop@chrome://marionette/content/interaction.js:418:10
webdriverClickElement@chrome://marionette/content/interaction.js:179:31
1613279456931	Marionette	WARN	TimedPromise timed out after 500 ms: stacktrace:
TimedPromise/<@chrome://marionette/content/sync.js:235:19
TimedPromise@chrome://marionette/content/sync.js:220:10
interaction.flushEventLoop@chrome://marionette/content/interaction.js:418:10
webdriverClickElement@chrome://marionette/content/interaction.js:179:31
1613279459709	Marionette	WARN	TimedPromise timed out after 500 ms: stacktrace:
TimedPromise/<@chrome://marionette/content/sync.js:235:19
TimedPromise@chrome://marionette/content/sync.js:220:10
interaction.flushEventLoop@chrome://marionette/content/interaction.js:418:10
webdriverClickElement@chrome://marionette/content/interaction.js:179:31
1613279462480	Marionette	WARN	TimedPromise timed out after 500 ms: stacktrace:
TimedPromise/<@chrome://marionette/content/sync.js:235:19
TimedPromise@chrome://marionette/content/sync.js:220:10
interaction.flushEventLoop@chrome://marionette/content/interaction.js:418:10
webdriverClickElement@chrome://marionette/content/interaction.js:179:31
1613279475405	Marionette	WARN	TimedPromise timed out after 500 ms: stacktrace:
TimedPromise/<@chrome://marionette/content/sync.js:235:19
TimedPromise@chrome://marionette/content/sync.js:220:10
interaction.flushEventLoop@chrome://marionette/content/interaction.js:418:10
webdriverClickElement@chrome://marionette/content/interaction.js:179:31
1613279478158	Marionette	WARN	TimedPromise timed out after 500 ms: stacktrace:
TimedPromise/<@chrome://marionette/content/sync.js:235:19
TimedPromise@chrome://marionette/content/sync.js:220:10
interaction.flushEventLoop@chrome://marionette/content/interaction.js:418:10
webdriverClickElement@chrome://marionette/content/interaction.js:179:31
1613279480923	Marionette	WARN	TimedPromise timed out after 500 ms: stacktrace:
TimedPromise/<@chrome://marionette/content/sync.js:235:19
TimedPromise@chrome://marionette/content/sync.js:220:10
interaction.flushEventLoop@chrome://marionette/content/interaction.js:418:10
webdriverClickElement@chrome://marionette/content/interaction.js:179:31
1613279489030	Marionette	WARN	TimedPromise timed out after 500 ms: stacktrace:
TimedPromise/<@chrome://marionette/content/sync.js:235:19
TimedPromise@chrome://marionette/content/sync.js:220:10
interaction.flushEventLoop@chrome://marionette/content/interaction.js:418:10
webdriverClickElement@chrome://marionette/content/interaction.js:179:31
1613279491818	Marionette	WARN	TimedPromise timed out after 500 ms: stacktrace:
TimedPromise/<@chrome://marionette/content/sync.js:235:19
TimedPromise@chrome://marionette/content/sync.js:220:10
interaction.flushEventLoop@chrome://marionette/content/interaction.js:418:10
webdriverClickElement@chrome://marionette/content/interaction.js:179:31
1613279494564	Marionette	WARN	TimedPromise timed out after 500 ms: stacktrace:
TimedPromise/<@chrome://marionette/content/sync.js:235:19
TimedPromise@chrome://marionette/content/sync.js:220:10
interaction.flushEventLoop@chrome://marionette/content/interaction.js:418:10
webdriverClickElement@chrome://marionette/content/interaction.js:179:31
1613279497340	Marionette	WARN	TimedPromise timed out after 500 ms: stacktrace:
TimedPromise/<@chrome://marionette/content/sync.js:235:19
TimedPromise@chrome://marionette/content/sync.js:220:10
interaction.flushEventLoop@chrome://marionette/content/interaction.js:418:10
webdriverClickElement@chrome://marionette/content/interaction.js:179:31
1613279500101	Marionette	WARN	TimedPromise timed out after 500 ms: stacktrace:
TimedPromise/<@chrome://marionette/content/sync.js:235:19
TimedPromise@chrome://marionette/content/sync.js:220:10
interaction.flushEventLoop@chrome://marionette/content/interaction.js:418:10
webdriverClickElement@chrome://marionette/content/interaction.js:179:31
1613279502948	Marionette	WARN	TimedPromise timed out after 500 ms: stacktrace:
TimedPromise/<@chrome://marionette/content/sync.js:235:19
TimedPromise@chrome://marionette/content/sync.js:220:10
interaction.flushEventLoop@chrome://marionette/content/interaction.js:418:10
webdriverClickElement@chrome://marionette/content/interaction.js:179:31
1613279505821	Marionette	WARN	TimedPromise timed out after 500 ms: stacktrace:
TimedPromise/<@chrome://marionette/content/sync.js:235:19
TimedPromise@chrome://marionette/content/sync.js:220:10
interaction.flushEventLoop@chrome://marionette/content/interaction.js:418:10
webdriverClickElement@chrome://marionette/content/interaction.js:179:31
1613279509103	Marionette	WARN	TimedPromise timed out after 500 ms: stacktrace:
TimedPromise/<@chrome://marionette/content/sync.js:235:19
TimedPromise@chrome://marionette/content/sync.js:220:10
interaction.flushEventLoop@chrome://marionette/content/interaction.js:418:10
webdriverClickElement@chrome://marionette/content/interaction.js:179:31
1613279511973	Marionette	WARN	TimedPromise timed out after 500 ms: stacktrace:
TimedPromise/<@chrome://marionette/content/sync.js:235:19
TimedPromise@chrome://marionette/content/sync.js:220:10
interaction.flushEventLoop@chrome://marionette/content/interaction.js:418:10
webdriverClickElement@chrome://marionette/content/interaction.js:179:31
1613279514750	Marionette	WARN	TimedPromise timed out after 500 ms: stacktrace:
TimedPromise/<@chrome://marionette/content/sync.js:235:19
TimedPromise@chrome://marionette/content/sync.js:220:10
interaction.flushEventLoop@chrome://marionette/content/interaction.js:418:10
webdriverClickElement@chrome://marionette/content/interaction.js:179:31
1613279517505	Marionette	WARN	TimedPromise timed out after 500 ms: stacktrace:
TimedPromise/<@chrome://marionette/content/sync.js:235:19
TimedPromise@chrome://marionette/content/sync.js:220:10
interaction.flushEventLoop@chrome://marionette/content/interaction.js:418:10
webdriverClickElement@chrome://marionette/content/interaction.js:179:31
1613279520368	Marionette	WARN	TimedPromise timed out after 500 ms: stacktrace:
TimedPromise/<@chrome://marionette/content/sync.js:235:19
TimedPromise@chrome://marionette/content/sync.js:220:10
interaction.flushEventLoop@chrome://marionette/content/interaction.js:418:10
webdriverClickElement@chrome://marionette/content/interaction.js:179:31
1613279523270	Marionette	WARN	TimedPromise timed out after 500 ms: stacktrace:
TimedPromise/<@chrome://marionette/content/sync.js:235:19
TimedPromise@chrome://marionette/content/sync.js:220:10
interaction.flushEventLoop@chrome://marionette/content/interaction.js:418:10
webdriverClickElement@chrome://marionette/content/interaction.js:179:31
1613279526085	Marionette	WARN	TimedPromise timed out after 500 ms: stacktrace:
TimedPromise/<@chrome://marionette/content/sync.js:235:19
TimedPromise@chrome://marionette/content/sync.js:220:10
interaction.flushEventLoop@chrome://marionette/content/interaction.js:418:10
webdriverClickElement@chrome://marionette/content/interaction.js:179:31
1613279529348	Marionette	WARN	TimedPromise timed out after 500 ms: stacktrace:
TimedPromise/<@chrome://marionette/content/sync.js:235:19
TimedPromise@chrome://marionette/content/sync.js:220:10
interaction.flushEventLoop@chrome://marionette/content/interaction.js:418:10
webdriverClickElement@chrome://marionette/content/interaction.js:179:31
1613279532119	Marionette	WARN	TimedPromise timed out after 500 ms: stacktrace:
TimedPromise/<@chrome://marionette/content/sync.js:235:19
TimedPromise@chrome://marionette/content/sync.js:220:10
interaction.flushEventLoop@chrome://marionette/content/interaction.js:418:10
webdriverClickElement@chrome://marionette/content/interaction.js:179:31
1613279534894	Marionette	WARN	TimedPromise timed out after 500 ms: stacktrace:
TimedPromise/<@chrome://marionette/content/sync.js:235:19
TimedPromise@chrome://marionette/content/sync.js:220:10
interaction.flushEventLoop@chrome://marionette/content/interaction.js:418:10
webdriverClickElement@chrome://marionette/content/interaction.js:179:31
1613279537752	Marionette	WARN	TimedPromise timed out after 500 ms: stacktrace:
TimedPromise/<@chrome://marionette/content/sync.js:235:19
TimedPromise@chrome://marionette/content/sync.js:220:10
interaction.flushEventLoop@chrome://marionette/content/interaction.js:418:10
webdriverClickElement@chrome://marionette/content/interaction.js:179:31
1613279540522	Marionette	WARN	TimedPromise timed out after 500 ms: stacktrace:
TimedPromise/<@chrome://marionette/content/sync.js:235:19
TimedPromise@chrome://marionette/content/sync.js:220:10
interaction.flushEventLoop@chrome://marionette/content/interaction.js:418:10
webdriverClickElement@chrome://marionette/content/interaction.js:179:31
1613279543308	Marionette	WARN	TimedPromise timed out after 500 ms: stacktrace:
TimedPromise/<@chrome://marionette/content/sync.js:235:19
TimedPromise@chrome://marionette/content/sync.js:220:10
interaction.flushEventLoop@chrome://marionette/content/interaction.js:418:10
webdriverClickElement@chrome://marionette/content/interaction.js:179:31
1613279546339	Marionette	WARN	TimedPromise timed out after 500 ms: stacktrace:
TimedPromise/<@chrome://marionette/content/sync.js:235:19
TimedPromise@chrome://marionette/content/sync.js:220:10
interaction.flushEventLoop@chrome://marionette/content/interaction.js:418:10
webdriverClickElement@chrome://marionette/content/interaction.js:179:31
1613279549925	Marionette	WARN	TimedPromise timed out after 500 ms: stacktrace:
TimedPromise/<@chrome://marionette/content/sync.js:235:19
TimedPromise@chrome://marionette/content/sync.js:220:10
interaction.flushEventLoop@chrome://marionette/content/interaction.js:418:10
webdriverClickElement@chrome://marionette/content/interaction.js:179:31
1613279552697	Marionette	WARN	TimedPromise timed out after 500 ms: stacktrace:
TimedPromise/<@chrome://marionette/content/sync.js:235:19
TimedPromise@chrome://marionette/content/sync.js:220:10
interaction.flushEventLoop@chrome://marionette/content/interaction.js:418:10
webdriverClickElement@chrome://marionette/content/interaction.js:179:31
1613279555660	Marionette	WARN	TimedPromise timed out after 500 ms: stacktrace:
TimedPromise/<@chrome://marionette/content/sync.js:235:19
TimedPromise@chrome://marionette/content/sync.js:220:10
interaction.flushEventLoop@chrome://marionette/content/interaction.js:418:10
webdriverClickElement@chrome://marionette/content/interaction.js:179:31
1613279558434	Marionette	WARN	TimedPromise timed out after 500 ms: stacktrace:
TimedPromise/<@chrome://marionette/content/sync.js:235:19
TimedPromise@chrome://marionette/content/sync.js:220:10
interaction.flushEventLoop@chrome://marionette/content/interaction.js:418:10
webdriverClickElement@chrome://marionette/content/interaction.js:179:31
1613279559178	Marionette	WARN	TimedPromise timed out after 500 ms: stacktrace:
TimedPromise/<@chrome://marionette/content/sync.js:235:19
TimedPromise@chrome://marionette/content/sync.js:220:10
interaction.flushEventLoop@chrome://marionette/content/interaction.js:418:10
webdriverClickElement@chrome://marionette/content/interaction.js:179:31
1613279566544	Marionette	WARN	TimedPromise timed out after 500 ms: stacktrace:
TimedPromise/<@chrome://marionette/content/sync.js:235:19
TimedPromise@chrome://marionette/content/sync.js:220:10
interaction.flushEventLoop@chrome://marionette/content/interaction.js:418:10
webdriverClickElement@chrome://marionette/content/interaction.js:179:31
1613279569306	Marionette	WARN	TimedPromise timed out after 500 ms: stacktrace:
TimedPromise/<@chrome://marionette/content/sync.js:235:19
TimedPromise@chrome://marionette/content/sync.js:220:10
interaction.flushEventLoop@chrome://marionette/content/interaction.js:418:10
webdriverClickElement@chrome://marionette/content/interaction.js:179:31
1613279572190	Marionette	WARN	TimedPromise timed out after 500 ms: stacktrace:
TimedPromise/<@chrome://marionette/content/sync.js:235:19
TimedPromise@chrome://marionette/content/sync.js:220:10
interaction.flushEventLoop@chrome://marionette/content/interaction.js:418:10
webdriverClickElement@chrome://marionette/content/interaction.js:179:31
1613279575283	Marionette	WARN	TimedPromise timed out after 500 ms: stacktrace:
TimedPromise/<@chrome://marionette/content/sync.js:235:19
TimedPromise@chrome://marionette/content/sync.js:220:10
interaction.flushEventLoop@chrome://marionette/content/interaction.js:418:10
webdriverClickElement@chrome://marionette/content/interaction.js:179:31
1613279578069	Marionette	WARN	TimedPromise timed out after 500 ms: stacktrace:
TimedPromise/<@chrome://marionette/content/sync.js:235:19
TimedPromise@chrome://marionette/content/sync.js:220:10
interaction.flushEventLoop@chrome://marionette/content/interaction.js:418:10
webdriverClickElement@chrome://marionette/content/interaction.js:179:31
1613279580832	Marionette	WARN	TimedPromise timed out after 500 ms: stacktrace:
TimedPromise/<@chrome://marionette/content/sync.js:235:19
TimedPromise@chrome://marionette/content/sync.js:220:10
interaction.flushEventLoop@chrome://marionette/content/interaction.js:418:10
webdriverClickElement@chrome://marionette/content/interaction.js:179:31
1613279583593	Marionette	WARN	TimedPromise timed out after 500 ms: stacktrace:
TimedPromise/<@chrome://marionette/content/sync.js:235:19
TimedPromise@chrome://marionette/content/sync.js:220:10
interaction.flushEventLoop@chrome://marionette/content/interaction.js:418:10
webdriverClickElement@chrome://marionette/content/interaction.js:179:31
1613279586359	Marionette	WARN	TimedPromise timed out after 500 ms: stacktrace:
TimedPromise/<@chrome://marionette/content/sync.js:235:19
TimedPromise@chrome://marionette/content/sync.js:220:10
interaction.flushEventLoop@chrome://marionette/content/interaction.js:418:10
webdriverClickElement@chrome://marionette/content/interaction.js:179:31
1613279589902	Marionette	WARN	TimedPromise timed out after 500 ms: stacktrace:
TimedPromise/<@chrome://marionette/content/sync.js:235:19
TimedPromise@chrome://marionette/content/sync.js:220:10
interaction.flushEventLoop@chrome://marionette/content/interaction.js:418:10
webdriverClickElement@chrome://marionette/content/interaction.js:179:31
1613279592668	Marionette	WARN	TimedPromise timed out after 500 ms: stacktrace:
TimedPromise/<@chrome://marionette/content/sync.js:235:19
TimedPromise@chrome://marionette/content/sync.js:220:10
interaction.flushEventLoop@chrome://marionette/content/interaction.js:418:10
webdriverClickElement@chrome://marionette/content/interaction.js:179:31
1613279595417	Marionette	WARN	TimedPromise timed out after 500 ms: stacktrace:
TimedPromise/<@chrome://marionette/content/sync.js:235:19
TimedPromise@chrome://marionette/content/sync.js:220:10
interaction.flushEventLoop@chrome://marionette/content/interaction.js:418:10
webdriverClickElement@chrome://marionette/content/interaction.js:179:31
JavaScript error: , line 0: uncaught exception: Object
JavaScript error: https://handshake-production-cdn.joinhandshake.com/dist/3d9b19dd414c3eba4b70.chunk.js, line 1: TypeError: k.current is null
JavaScript error: https://handshake-production-cdn.joinhandshake.com/dist/3d9b19dd414c3eba4b70.chunk.js, line 1: TypeError: k.current is null
JavaScript error: https://handshake-production-cdn.joinhandshake.com/dist/3d9b19dd414c3eba4b70.chunk.js, line 1: TypeError: k.current is null
JavaScript error: https://handshake-production-cdn.joinhandshake.com/dist/3d9b19dd414c3eba4b70.chunk.js, line 1: TypeError: k.current is null
JavaScript error: https://handshake-production-cdn.joinhandshake.com/dist/3d9b19dd414c3eba4b70.chunk.js, line 1: TypeError: k.current is null
JavaScript error: https://handshake-production-cdn.joinhandshake.com/dist/3d9b19dd414c3eba4b70.chunk.js, line 1: TypeError: k.current is null
JavaScript error: https://handshake-production-cdn.joinhandshake.com/dist/3d9b19dd414c3eba4b70.chunk.js, line 1: TypeError: k.current is null
JavaScript error: https://handshake-production-cdn.joinhandshake.com/dist/3d9b19dd414c3eba4b70.chunk.js, line 1: TypeError: k.current is null
JavaScript error: https://handshake-production-cdn.joinhandshake.com/dist/3d9b19dd414c3eba4b70.chunk.js, line 1: TypeError: k.current is null
JavaScript error: https://handshake-production-cdn.joinhandshake.com/dist/3d9b19dd414c3eba4b70.chunk.js, line 1: TypeError: k.current is null
JavaScript error: https://handshake-production-cdn.joinhandshake.com/dist/3d9b19dd414c3eba4b70.chunk.js, line 1: TypeError: k.current is null
JavaScript error: https://handshake-production-cdn.joinhandshake.com/dist/3d9b19dd414c3eba4b70.chunk.js, line 1: TypeError: k.current is null
JavaScript error: https://handshake-production-cdn.joinhandshake.com/dist/3d9b19dd414c3eba4b70.chunk.js, line 1: TypeError: k.current is null
JavaScript error: https://handshake-production-cdn.joinhandshake.com/dist/3d9b19dd414c3eba4b70.chunk.js, line 1: TypeError: k.current is null
JavaScript error: https://handshake-production-cdn.joinhandshake.com/dist/3d9b19dd414c3eba4b70.chunk.js, line 1: TypeError: k.current is null
JavaScript error: https://handshake-production-cdn.joinhandshake.com/dist/3d9b19dd414c3eba4b70.chunk.js, line 1: TypeError: k.current is null
JavaScript error: https://handshake-production-cdn.joinhandshake.com/dist/3d9b19dd414c3eba4b70.chunk.js, line 1: TypeError: k.current is null
JavaScript error: https://handshake-production-cdn.joinhandshake.com/dist/3d9b19dd414c3eba4b70.chunk.js, line 1: TypeError: k.current is null
JavaScript error: https://handshake-production-cdn.joinhandshake.com/dist/3d9b19dd414c3eba4b70.chunk.js, line 1: TypeError: k.current is null
JavaScript error: https://handshake-production-cdn.joinhandshake.com/dist/3d9b19dd414c3eba4b70.chunk.js, line 1: TypeError: k.current is null
JavaScript error: https://handshake-production-cdn.joinhandshake.com/dist/3d9b19dd414c3eba4b70.chunk.js, line 1: TypeError: k.current is null
JavaScript error: https://handshake-production-cdn.joinhandshake.com/dist/3d9b19dd414c3eba4b70.chunk.js, line 1: TypeError: k.current is null
JavaScript error: https://handshake-production-cdn.joinhandshake.com/dist/3d9b19dd414c3eba4b70.chunk.js, line 1: TypeError: k.current is null
JavaScript error: https://handshake-production-cdn.joinhandshake.com/dist/3d9b19dd414c3eba4b70.chunk.js, line 1: TypeError: k.current is null
JavaScript error: https://handshake-production-cdn.joinhandshake.com/dist/3d9b19dd414c3eba4b70.chunk.js, line 1: TypeError: k.current is null
JavaScript error: https://handshake-production-cdn.joinhandshake.com/dist/3d9b19dd414c3eba4b70.chunk.js, line 1: TypeError: k.current is null
JavaScript error: https://handshake-production-cdn.joinhandshake.com/dist/3d9b19dd414c3eba4b70.chunk.js, line 1: TypeError: k.current is null
JavaScript error: https://handshake-production-cdn.joinhandshake.com/dist/3d9b19dd414c3eba4b70.chunk.js, line 1: TypeError: k.current is null
JavaScript error: https://handshake-production-cdn.joinhandshake.com/dist/3d9b19dd414c3eba4b70.chunk.js, line 1: TypeError: k.current is null
JavaScript error: https://handshake-production-cdn.joinhandshake.com/dist/3d9b19dd414c3eba4b70.chunk.js, line 1: TypeError: k.current is null
JavaScript error: https://handshake-production-cdn.joinhandshake.com/dist/3d9b19dd414c3eba4b70.chunk.js, line 1: TypeError: k.current is null
JavaScript error: https://handshake-production-cdn.joinhandshake.com/dist/3d9b19dd414c3eba4b70.chunk.js, line 1: TypeError: k.current is null
JavaScript error: https://handshake-production-cdn.joinhandshake.com/dist/3d9b19dd414c3eba4b70.chunk.js, line 1: TypeError: k.current is null
JavaScript error: https://handshake-production-cdn.joinhandshake.com/dist/3d9b19dd414c3eba4b70.chunk.js, line 1: TypeError: k.current is null
JavaScript error: https://handshake-production-cdn.joinhandshake.com/dist/3d9b19dd414c3eba4b70.chunk.js, line 1: TypeError: k.current is null
JavaScript error: https://handshake-production-cdn.joinhandshake.com/dist/3d9b19dd414c3eba4b70.chunk.js, line 1: TypeError: k.current is null
JavaScript error: https://handshake-production-cdn.joinhandshake.com/dist/3d9b19dd414c3eba4b70.chunk.js, line 1: TypeError: k.current is null
JavaScript error: https://handshake-production-cdn.joinhandshake.com/dist/3d9b19dd414c3eba4b70.chunk.js, line 1: TypeError: k.current is null
JavaScript error: https://handshake-production-cdn.joinhandshake.com/dist/3d9b19dd414c3eba4b70.chunk.js, line 1: TypeError: k.current is null
JavaScript error: https://handshake-production-cdn.joinhandshake.com/dist/3d9b19dd414c3eba4b70.chunk.js, line 1: TypeError: k.current is null
JavaScript error: https://handshake-production-cdn.joinhandshake.com/dist/3d9b19dd414c3eba4b70.chunk.js, line 1: TypeError: k.current is null
JavaScript error: https://handshake-production-cdn.joinhandshake.com/dist/3d9b19dd414c3eba4b70.chunk.js, line 1: TypeError: k.current is null
JavaScript error: https://handshake-production-cdn.joinhandshake.com/dist/3d9b19dd414c3eba4b70.chunk.js, line 1: TypeError: k.current is null
JavaScript error: https://handshake-production-cdn.joinhandshake.com/dist/3d9b19dd414c3eba4b70.chunk.js, line 1: TypeError: k.current is null
JavaScript error: https://handshake-production-cdn.joinhandshake.com/dist/3d9b19dd414c3eba4b70.chunk.js, line 1: TypeError: k.current is null
JavaScript error: https://handshake-production-cdn.joinhandshake.com/dist/3d9b19dd414c3eba4b70.chunk.js, line 1: TypeError: k.current is null
JavaScript error: https://handshake-production-cdn.joinhandshake.com/dist/3d9b19dd414c3eba4b70.chunk.js, line 1: TypeError: k.current is null
JavaScript error: https://handshake-production-cdn.joinhandshake.com/dist/3d9b19dd414c3eba4b70.chunk.js, line 1: TypeError: k.current is null
JavaScript error: https://handshake-production-cdn.joinhandshake.com/dist/3d9b19dd414c3eba4b70.chunk.js, line 1: TypeError: k.current is null
JavaScript error: https://handshake-production-cdn.joinhandshake.com/dist/3d9b19dd414c3eba4b70.chunk.js, line 1: TypeError: k.current is null
JavaScript error: https://handshake-production-cdn.joinhandshake.com/dist/3d9b19dd414c3eba4b70.chunk.js, line 1: TypeError: k.current is null
JavaScript error: https://handshake-production-cdn.joinhandshake.com/dist/3d9b19dd414c3eba4b70.chunk.js, line 1: TypeError: k.current is null
JavaScript error: https://handshake-production-cdn.joinhandshake.com/dist/3d9b19dd414c3eba4b70.chunk.js, line 1: TypeError: k.current is null
JavaScript error: https://handshake-production-cdn.joinhandshake.com/dist/3d9b19dd414c3eba4b70.chunk.js, line 1: TypeError: k.current is null
JavaScript error: https://handshake-production-cdn.joinhandshake.com/dist/3d9b19dd414c3eba4b70.chunk.js, line 1: TypeError: k.current is null
JavaScript error: https://handshake-production-cdn.joinhandshake.com/dist/3d9b19dd414c3eba4b70.chunk.js, line 1: TypeError: k.current is null
JavaScript error: https://handshake-production-cdn.joinhandshake.com/dist/3d9b19dd414c3eba4b70.chunk.js, line 1: TypeError: k.current is null
JavaScript error: https://handshake-production-cdn.joinhandshake.com/dist/3d9b19dd414c3eba4b70.chunk.js, line 1: TypeError: k.current is null
JavaScript error: https://handshake-production-cdn.joinhandshake.com/dist/3d9b19dd414c3eba4b70.chunk.js, line 1: TypeError: k.current is null
JavaScript error: https://handshake-production-cdn.joinhandshake.com/dist/3d9b19dd414c3eba4b70.chunk.js, line 1: TypeError: k.current is null
JavaScript error: https://handshake-production-cdn.joinhandshake.com/dist/3d9b19dd414c3eba4b70.chunk.js, line 1: TypeError: k.current is null
JavaScript error: https://handshake-production-cdn.joinhandshake.com/dist/3d9b19dd414c3eba4b70.chunk.js, line 1: TypeError: k.current is null
JavaScript error: https://handshake-production-cdn.joinhandshake.com/dist/3d9b19dd414c3eba4b70.chunk.js, line 1: TypeError: k.current is null
JavaScript error: https://handshake-production-cdn.joinhandshake.com/dist/3d9b19dd414c3eba4b70.chunk.js, line 1: TypeError: k.current is null
JavaScript error: https://handshake-production-cdn.joinhandshake.com/dist/3d9b19dd414c3eba4b70.chunk.js, line 1: TypeError: k.current is null
JavaScript error: https://handshake-production-cdn.joinhandshake.com/dist/3d9b19dd414c3eba4b70.chunk.js, line 1: TypeError: k.current is null
JavaScript error: https://handshake-production-cdn.joinhandshake.com/dist/3d9b19dd414c3eba4b70.chunk.js, line 1: TypeError: k.current is null
JavaScript error: https://handshake-production-cdn.joinhandshake.com/dist/3d9b19dd414c3eba4b70.chunk.js, line 1: TypeError: k.current is null
JavaScript error: https://handshake-production-cdn.joinhandshake.com/dist/3d9b19dd414c3eba4b70.chunk.js, line 1: TypeError: k.current is null
JavaScript error: https://handshake-production-cdn.joinhandshake.com/dist/3d9b19dd414c3eba4b70.chunk.js, line 1: TypeError: k.current is null
JavaScript error: https://handshake-production-cdn.joinhandshake.com/dist/3d9b19dd414c3eba4b70.chunk.js, line 1: TypeError: k.current is null
JavaScript error: https://handshake-production-cdn.joinhandshake.com/dist/3d9b19dd414c3eba4b70.chunk.js, line 1: TypeError: k.current is null
JavaScript error: https://handshake-production-cdn.joinhandshake.com/dist/3d9b19dd414c3eba4b70.chunk.js, line 1: TypeError: k.current is null
JavaScript error: https://handshake-production-cdn.joinhandshake.com/dist/3d9b19dd414c3eba4b70.chunk.js, line 1: TypeError: k.current is null
JavaScript error: https://handshake-production-cdn.joinhandshake.com/dist/3d9b19dd414c3eba4b70.chunk.js, line 1: TypeError: k.current is null
JavaScript error: https://handshake-production-cdn.joinhandshake.com/dist/3d9b19dd414c3eba4b70.chunk.js, line 1: TypeError: k.current is null
JavaScript error: https://handshake-production-cdn.joinhandshake.com/dist/3d9b19dd414c3eba4b70.chunk.js, line 1: TypeError: k.current is null
JavaScript error: https://handshake-production-cdn.joinhandshake.com/dist/3d9b19dd414c3eba4b70.chunk.js, line 1: TypeError: k.current is null
JavaScript error: https://handshake-production-cdn.joinhandshake.com/dist/3d9b19dd414c3eba4b70.chunk.js, line 1: TypeError: k.current is null
JavaScript error: https://handshake-production-cdn.joinhandshake.com/dist/3d9b19dd414c3eba4b70.chunk.js, line 1: TypeError: k.current is null
JavaScript error: https://handshake-production-cdn.joinhandshake.com/dist/3d9b19dd414c3eba4b70.chunk.js, line 1: TypeError: k.current is null
JavaScript error: https://handshake-production-cdn.joinhandshake.com/dist/3d9b19dd414c3eba4b70.chunk.js, line 1: TypeError: k.current is null
JavaScript error: https://handshake-production-cdn.joinhandshake.com/dist/3d9b19dd414c3eba4b70.chunk.js, line 1: TypeError: k.current is null
JavaScript error: https://handshake-production-cdn.joinhandshake.com/dist/3d9b19dd414c3eba4b70.chunk.js, line 1: TypeError: k.current is null
JavaScript error: https://handshake-production-cdn.joinhandshake.com/dist/3d9b19dd414c3eba4b70.chunk.js, line 1: TypeError: k.current is null
JavaScript error: https://handshake-production-cdn.joinhandshake.com/dist/3d9b19dd414c3eba4b70.chunk.js, line 1: TypeError: k.current is null
JavaScript error: https://handshake-production-cdn.joinhandshake.com/dist/3d9b19dd414c3eba4b70.chunk.js, line 1: TypeError: k.current is null
JavaScript error: https://handshake-production-cdn.joinhandshake.com/dist/3d9b19dd414c3eba4b70.chunk.js, line 1: TypeError: k.current is null
JavaScript error: https://handshake-production-cdn.joinhandshake.com/dist/3d9b19dd414c3eba4b70.chunk.js, line 1: TypeError: k.current is null
JavaScript error: https://handshake-production-cdn.joinhandshake.com/dist/3d9b19dd414c3eba4b70.chunk.js, line 1: TypeError: k.current is null
JavaScript error: https://handshake-production-cdn.joinhandshake.com/dist/3d9b19dd414c3eba4b70.chunk.js, line 1: TypeError: k.current is null
JavaScript error: https://handshake-production-cdn.joinhandshake.com/dist/3d9b19dd414c3eba4b70.chunk.js, line 1: TypeError: k.current is null
JavaScript error: https://handshake-production-cdn.joinhandshake.com/dist/3d9b19dd414c3eba4b70.chunk.js, line 1: TypeError: k.current is null
JavaScript error: https://handshake-production-cdn.joinhandshake.com/dist/3d9b19dd414c3eba4b70.chunk.js, line 1: TypeError: k.current is null
JavaScript error: https://handshake-production-cdn.joinhandshake.com/dist/3d9b19dd414c3eba4b70.chunk.js, line 1: TypeError: k.current is null
JavaScript error: https://handshake-production-cdn.joinhandshake.com/dist/3d9b19dd414c3eba4b70.chunk.js, line 1: TypeError: k.current is null
JavaScript error: https://handshake-production-cdn.joinhandshake.com/dist/3d9b19dd414c3eba4b70.chunk.js, line 1: TypeError: k.current is null
JavaScript error: https://handshake-production-cdn.joinhandshake.com/dist/3d9b19dd414c3eba4b70.chunk.js, line 1: TypeError: k.current is null
JavaScript error: https://handshake-production-cdn.joinhandshake.com/dist/3d9b19dd414c3eba4b70.chunk.js, line 1: TypeError: k.current is null
JavaScript error: https://handshake-production-cdn.joinhandshake.com/dist/3d9b19dd414c3eba4b70.chunk.js, line 1: TypeError: k.current is null
JavaScript error: https://handshake-production-cdn.joinhandshake.com/dist/3d9b19dd414c3eba4b70.chunk.js, line 1: TypeError: k.current is null
JavaScript error: https://handshake-production-cdn.joinhandshake.com/dist/3d9b19dd414c3eba4b70.chunk.js, line 1: TypeError: k.current is null
JavaScript error: https://handshake-production-cdn.joinhandshake.com/dist/3d9b19dd414c3eba4b70.chunk.js, line 1: TypeError: k.current is null
JavaScript error: https://handshake-production-cdn.joinhandshake.com/dist/3d9b19dd414c3eba4b70.chunk.js, line 1: TypeError: k.current is null
JavaScript error: https://handshake-production-cdn.joinhandshake.com/dist/3d9b19dd414c3eba4b70.chunk.js, line 1: TypeError: k.current is null
JavaScript error: https://handshake-production-cdn.joinhandshake.com/dist/3d9b19dd414c3eba4b70.chunk.js, line 1: TypeError: k.current is null
JavaScript error: https://handshake-production-cdn.joinhandshake.com/dist/3d9b19dd414c3eba4b70.chunk.js, line 1: TypeError: k.current is null
JavaScript error: https://handshake-production-cdn.joinhandshake.com/dist/3d9b19dd414c3eba4b70.chunk.js, line 1: TypeError: k.current is null
JavaScript error: https://handshake-production-cdn.joinhandshake.com/dist/3d9b19dd414c3eba4b70.chunk.js, line 1: TypeError: k.current is null
JavaScript error: https://handshake-production-cdn.joinhandshake.com/dist/3d9b19dd414c3eba4b70.chunk.js, line 1: TypeError: k.current is null
JavaScript error: https://handshake-production-cdn.joinhandshake.com/dist/3d9b19dd414c3eba4b70.chunk.js, line 1: TypeError: k.current is null
JavaScript error: https://handshake-production-cdn.joinhandshake.com/dist/3d9b19dd414c3eba4b70.chunk.js, line 1: TypeError: k.current is null
JavaScript error: https://handshake-production-cdn.joinhandshake.com/dist/3d9b19dd414c3eba4b70.chunk.js, line 1: TypeError: k.current is null
JavaScript error: https://handshake-production-cdn.joinhandshake.com/dist/3d9b19dd414c3eba4b70.chunk.js, line 1: TypeError: k.current is null
JavaScript error: https://handshake-production-cdn.joinhandshake.com/dist/3d9b19dd414c3eba4b70.chunk.js, line 1: TypeError: k.current is null
JavaScript error: https://handshake-production-cdn.joinhandshake.com/dist/3d9b19dd414c3eba4b70.chunk.js, line 1: TypeError: k.current is null
JavaScript error: https://handshake-production-cdn.joinhandshake.com/dist/3d9b19dd414c3eba4b70.chunk.js, line 1: TypeError: k.current is null
1613281153866	Marionette	WARN	TimedPromise timed out after 500 ms: stacktrace:
TimedPromise/<@chrome://marionette/content/sync.js:235:19
TimedPromise@chrome://marionette/content/sync.js:220:10
interaction.flushEventLoop@chrome://marionette/content/interaction.js:418:10
webdriverClickElement@chrome://marionette/content/interaction.js:179:31
1613281217091	Marionette	WARN	TimedPromise timed out after 500 ms: stacktrace:
TimedPromise/<@chrome://marionette/content/sync.js:235:19
TimedPromise@chrome://marionette/content/sync.js:220:10
interaction.flushEventLoop@chrome://marionette/content/interaction.js:418:10
webdriverClickElement@chrome://marionette/content/interaction.js:179:31
1613281556187	Marionette	WARN	TimedPromise timed out after 500 ms: stacktrace:
TimedPromise/<@chrome://marionette/content/sync.js:235:19
TimedPromise@chrome://marionette/content/sync.js:220:10
interaction.flushEventLoop@chrome://marionette/content/interaction.js:418:10
webdriverClickElement@chrome://marionette/content/interaction.js:179:31
1613281872827	Marionette	WARN	TimedPromise timed out after 500 ms: stacktrace:
TimedPromise/<@chrome://marionette/content/sync.js:235:19
TimedPromise@chrome://marionette/content/sync.js:220:10
interaction.flushEventLoop@chrome://marionette/content/interaction.js:418:10
webdriverClickElement@chrome://marionette/content/interaction.js:179:31
1613281960909	Marionette	WARN	TimedPromise timed out after 500 ms: stacktrace:
TimedPromise/<@chrome://marionette/content/sync.js:235:19
TimedPromise@chrome://marionette/content/sync.js:220:10
interaction.flushEventLoop@chrome://marionette/content/interaction.js:418:10
webdriverClickElement@chrome://marionette/content/interaction.js:179:31
JavaScript error: resource://activity-stream/lib/ASRouter.jsm, line 987: NS_ERROR_ILLEGAL_VALUE: Component returned failure code: 0x80070057 (NS_ERROR_ILLEGAL_VALUE) [nsIObserverService.removeObserver]
console.error: (new Error("SessionFile is closed", "resource:///modules/sessionstore/SessionFile.jsm", 433))
[Parent 10552, IPC I/O Parent] WARNING: pipe error: 232: file /builds/worker/checkouts/gecko/ipc/chromium/src/chrome/common/ipc_channel_win.cc:545
A content process crashed and MOZ_CRASHREPORTER_SHUTDOWN is set, shutting down
A content process crashed and MOZ_CRASHREPORTER_SHUTDOWN is set, shutting down
JavaScript error: resource://gre/modules/Sqlite.jsm, line 928: Error: Connection is not open.
1613282127914	Marionette	INFO	Stopped listening on port 56115
1613282518042	geckodriver	INFO	Listening on 127.0.0.1:57344
1613282520548	mozrunner::runner	INFO	Running command: "C:\\Program Files\\Mozilla Firefox\\firefox.exe" "--marionette" "-foreground" "-no-remote" "-profile" "C:\\Users\\SHIVAM~1\\AppData\\Local\\Temp\\rust_mozprofilezsJtAL"
console.warn: SearchSettings: "get: No settings file exists, new profile?" (new Error("", "(unknown module)"))
console.error: Region.jsm: "Error fetching region" (new Error("TIMEOUT", "resource://gre/modules/Region.jsm", 775))
console.error: Region.jsm: "Failed to fetch region" (new Error("TIMEOUT", "resource://gre/modules/Region.jsm", 422))
1613282584654	Marionette	INFO	Listening on port 57353
JavaScript error: resource://gre/modules/UrlClassifierListMa1613282596525	mozrunner::runner	INFO	Running command: "C:\\Program Files\\Mozilla Firefox\\firefox.exe" "--marionette" "-foreground" "-no-remote" "-profile" "C:\\Users\\SHIVAM~1\\AppData\\Loca1613282606876	Marionette	INFO	Stconsole.warn: SearchSettings: "get: No settings file exists, new profile?" (new Error("", "(unknown module)"))
console.error: "Could not write session state file " (new Error("_initWorker called too early! Please read the session file from disk first.", "resource:///modules/sessionstore/SessionFile.jsm", 375)) "_initWorker/<@resource:///modules/sessionstore/SessionFile.jsm:375:15\n_initWorker@resource:///modules/sessionstore/SessionFile.jsm:368:12\n_postToWorker@resource:///modules/sessionstore/SessionFile.jsm:410:16\nwrite@resource:///modules/sessionstore/SessionFile.jsm:448:24\nwrite@resource:///modules/sessionstore/SessionFile.jsm:75:32\n_writeState@resource:///modules/sessionstore/SessionSaver.jsm:360:24\n_saveState@resource:///modules/sessionstore/SessionSaver.jsm:294:17\n_saveStateAsync@resource:///modules/sessionstore/SessionSaver.jsm:344:10\nsaveStateAsyncWhenIdle@resource:///modules/sessionstore/SessionSaver.jsm:191:14\ncallback@resource://gre/modules/Timer.jsm:127:16\n"
1613282622974	Marionette	INFO	Listening on port 57437
1613282623612	Marionette	WARN	TLS certificate errors will be ignored for this session
1613282623626	Marionette	ERROR	[18] No reply from Marionette:Register
console.warn: SearchSettings: "get: No settings file exists, new profile?" (new Error("", "(unknown module)"))
JavaScript error: resource://activity-stream/lib/ASRouter.jsm, line 987: NS_ERROR_ILLEGAL_VALUE: Component returned failure code: 0x80070057 (NS_ERROR_ILLEGAL_VALUE) [nsIObserverService.removeObserver]
1613282658865	Marionette	INFO	Stopped listening on port 57437

###!!! [Child][RunMessage] Error: Channel closing: too late to send/recv, messages will be lost

1613282661726	geckodriver	INFO	Listening on 127.0.0.1:57553
1613282664761	mozrunner::runner	INFO	Running command: "C:\\Program Files\\Mozilla Firefox\\firefox.exe" "--marionette" "-foreground" "-no-remote" "-profile" "C:\\Users\\SHIVAM~1\\AppData\\Local\\Temp\\rust_mozprofileS9T8mz"
console.warn: SearchSettings: "get: No settings file exists, new profile?" (new Error("", "(unknown module)"))
console.error: Region.jsm: "Error fetching region" (new Error("TIMEOUT", "resource://gre/modules/Region.jsm", 775))
console.error: Region.jsm: "Failed to fetch region" (new Error("TIMEOUT", "resource://gre/modules/Region.jsm", 422))
1613282681783	Marionette	INFO	Listening on port 57562
1613282681847	Marionette	WARN	TLS certificate errors will be ignored for this session
1613282681880	Marionette	ERROR	[15] No reply from Marionette:Register
JavaScript error: https://handshake-production-cdn.joinhandshake.com/dist/3d9b19dd414c3eba4b70.chunk.js, line 1: TypeError: k.current is null
JavaScript error: https://handshake-production-cdn.joinhandshake.com/dist/3d9b19dd414c3eba4b70.chunk.js, line 1: TypeError: k.current is null
JavaScript error: https://handshake-production-cdn.joinhandshake.com/dist/3d9b19dd414c3eba4b70.chunk.js, line 1: TypeError: k.current is null
JavaScript error: https://handshake-production-cdn.joinhandshake.com/dist/3d9b19dd414c3eba4b70.chunk.js, line 1: TypeError: k.current is null
JavaScript error: https://handshake-production-cdn.joinhandshake.com/dist/3d9b19dd414c3eba4b70.chunk.js, line 1: TypeError: k.current is null
JavaScript error: chrome://global/content/elements/browser-custom-element.js, line 1690: NotFoundError: No such JSWindowActor 'MarionetteEvents'
JavaScript error: resource://activity-stream/lib/ASRouter.jsm, line 987: NS_ERROR_ILLEGAL_VALUE: Component returned failure code: 0x80070057 (NS_ERROR_ILLEGAL_VALUE) [nsIObserverService.removeObserver]
1613282922132	Marionette	INFO	Stopped listening on port 57562

###!!! [Child][RunMessage] Error: Channel closing: too late to send/recv, messages will be lost


###!!! [Child][MessageChannel] Error: (msgtype=0x5F0005,name=PImageBridge::Msg_WillClose) Channel error: cannot send/recv

